-------------------------------------------------------------------------------
Test set: com.library.BorrowServiceTest
-------------------------------------------------------------------------------
Tests run: 4, Failures: 1, Errors: 1, Skipped: 0, Time elapsed: 0.544 s <<< FAILURE! -- in com.library.BorrowServiceTest
com.library.BorrowServiceTest.testReturnBook -- Time elapsed: 0.159 s <<< ERROR!
java.lang.RuntimeException: Failed to return book
	at com.library.service.BorrowService.returnBook(BorrowService.java:111)
	at com.library.BorrowServiceTest.testReturnBook(BorrowServiceTest.java:55)
	at java.base/java.lang.reflect.Method.invoke(Method.java:580)
	at java.base/java.util.ArrayList.forEach(ArrayList.java:1596)
	at java.base/java.util.ArrayList.forEach(ArrayList.java:1596)
Caused by: java.lang.IllegalArgumentException: No active borrow found
	at com.library.service.BorrowService.lambda$returnBook$3(BorrowService.java:91)
	at java.base/java.util.Optional.orElseThrow(Optional.java:403)
	at com.library.service.BorrowService.returnBook(BorrowService.java:91)
	... 4 more

com.library.BorrowServiceTest.testBorrowBook -- Time elapsed: 0.115 s <<< FAILURE!
org.opentest4j.AssertionFailedError: expected: <Livre emprunté avec succès!> but was: <Le livre n'est pas disponible.>
	at org.junit.jupiter.api.AssertionFailureBuilder.build(AssertionFailureBuilder.java:151)
	at org.junit.jupiter.api.AssertionFailureBuilder.buildAndThrow(AssertionFailureBuilder.java:132)
	at org.junit.jupiter.api.AssertEquals.failNotEqual(AssertEquals.java:197)
	at org.junit.jupiter.api.AssertEquals.assertEquals(AssertEquals.java:182)
	at org.junit.jupiter.api.AssertEquals.assertEquals(AssertEquals.java:177)
	at org.junit.jupiter.api.Assertions.assertEquals(Assertions.java:1145)
	at com.library.BorrowServiceTest.testBorrowBook(BorrowServiceTest.java:48)
	at java.base/java.lang.reflect.Method.invoke(Method.java:580)
	at java.base/java.util.ArrayList.forEach(ArrayList.java:1596)
	at java.base/java.util.ArrayList.forEach(ArrayList.java:1596)

