<?xml version="1.0" encoding="UTF-8"?>
<testsuite xmlns:xsi="http://www.w3.org/2001/XMLSchema-instance" xsi:noNamespaceSchemaLocation="https://maven.apache.org/surefire/maven-surefire-plugin/xsd/surefire-test-report-3.0.xsd" version="3.0" name="com.library.BookServiceTest" time="1.334" tests="7" errors="0" skipped="0" failures="0">
  <properties>
[...]
</properties>
  <testcase name="testAddBook" classname="com.library.BookServiceTest" time="0.819">
    <system-out><![CDATA[Livre inséré avec succès !
]]></system-out>
  </testcase>
  <testcase name="testDeleteAllBooks" classname="com.library.BookServiceTest" time="0.124">
    <system-out><![CDATA[Livre inséré avec succès !
Livre inséré avec succès !
0
]]></system-out>
  </testcase>
  <testcase name="testFindBookById" classname="com.library.BookServiceTest" time="0.07">
    <system-out><![CDATA[Livre inséré avec succès !
]]></system-out>
  </testcase>
  <testcase name="testGetAllBooks" classname="com.library.BookServiceTest" time="0.078">
    <system-out><![CDATA[Livre inséré avec succès !
Livre inséré avec succès !
]]></system-out>
  </testcase>
  <testcase name="testUpdateBook" classname="com.library.BookServiceTest" time="0.077">
    <system-out><![CDATA[Livre inséré avec succès !
]]></system-out>
  </testcase>
  <testcase name="testDeleteBook" classname="com.library.BookServiceTest" time="0.065">
    <system-out><![CDATA[Livre inséré avec succès !
]]></system-out>
  </testcase>
  <testcase name="testFindBookByTitle" classname="com.library.BookServiceTest" time="0.059">
    <system-out><![CDATA[Livre inséré avec succès !
]]></system-out>
  </testcase>
</testsuite>